#
# A fatal error has been detected by the Java Runtime Environment:
#
#  SIGSEGV (0xb) at pc=0x00007f2692f787c0, pid=147713, tid=147715
#
# JRE version: OpenJDK Runtime Environment AdoptOpenJDK (11.0.10+9) (build 11.0.10+9)
# Java VM: OpenJDK 64-Bit Server VM AdoptOpenJDK (11.0.10+9, mixed mode, tiered, compressed oops, g1 gc, linux-amd64)
# Problematic frame:
# V  [libjvm.so+0x6087c0]  ClassLoaderData::metaspace_non_null()+0x0
#
# Core dump will be written. Default location: Core dumps may be processed with "/usr/share/apport/apport %p %s %c %d %P %E" (or dumping to /home/viviane/Documentos/udemyCourse/core.147713)
#
# If you would like to submit a bug report, please visit:
#   https://github.com/AdoptOpenJDK/openjdk-support/issues
#

---------------  S U M M A R Y ------------

Command Line: -javaagent:/home/viviane/Downloads/idea-IC-203.5981.155/lib/idea_rt.jar=34069:/home/viviane/Downloads/idea-IC-203.5981.155/bin -Dfile.encoding=UTF-8 udemy.course.exercise8.OrderProgram

Host: Intel(R) Core(TM) i5 CPU       M 430  @ 2.27GHz, 4 cores, 7G, Ubuntu 20.04.2 LTS
Time: Mon Mar  1 16:10:30 2021 -03 elapsed time: 0.362841 seconds (0d 0h 0m 0s)

---------------  T H R E A D  ---------------

Current thread (0x00007f268c029800):  JavaThread "main" [_thread_in_vm, id=147715, stack(0x00007f2692720000,0x00007f2692821000)]

Stack: [0x00007f2692720000,0x00007f2692821000],  sp=0x00007f2692818f68,  free space=995k
Native frames: (J=compiled Java code, A=aot compiled Java code, j=interpreted, Vv=VM code, C=native code)
V  [libjvm.so+0x6087c0]  ClassLoaderData::metaspace_non_null()+0x0
V  [libjvm.so+0xbe3702]  MethodData::allocate(ClassLoaderData*, methodHandle const&, Thread*)+0x92
V  [libjvm.so+0xbcecde]  Method::build_interpreter_method_data(methodHandle const&, Thread*)+0x7e
V  [libjvm.so+0x8b21c1]  InterpreterRuntime::note_trap(JavaThread*, int, Thread*)+0x201
V  [libjvm.so+0x8b29a0]  InterpreterRuntime::create_exception(JavaThread*, char*, char*)+0x270

[error occurred during error reporting (printing native stack), id 0xb, SIGSEGV (0xb) at pc=0x00007f26937df954]

Java frames: (J=compiled Java code, j=interpreted, Vv=VM code)

[error occurred during error reporting (printing Java stack), id 0xb, SIGSEGV (0xb) at pc=0x00007f26937df954]


siginfo: si_signo: 11 (SIGSEGV), si_code: 128 (SI_KERNEL), si_addr: 0x0000000000000000

Register to memory mapping:

RAX=0x00007f268c1e5ff0 points into unknown readable memory: 0x00007f26744bc038 | 38 c0 4b 74 26 7f 00 00
RBX=0x000000000000007e is an unknown value
RCX=0x00007f268c029800 is a thread
RDX=0x0000000000000009 is an unknown value
RSP=0x00007f2692818f68 is pointing into the stack for thread: 0x00007f268c029800
RBP=0x00007f2692818fc0 is pointing into the stack for thread: 0x00007f268c029800
RSI=0x000000000000007e is an unknown value
RDI=0x7573ea5cffff0019 is an unknown value
R8 =0x00007f268c029800 is a thread
R9 =0x0000560e13f74320 points into unknown readable memory: 0x0000000000000002 | 02 00 00 00 00 00 00 00
R10=0x00007f267450c4ed is pointing into metadata
R11=0x0000000100070040 is a pointer to class: 
sun.nio.fs.UnixNativeDispatcher {0x0000000100070040}
R12=0x7573ea5cffff0019 is an unknown value
R13=0x7573ea5cffff0019 is an unknown value
R14=0x0000000000000009 is an unknown value
R15={method} {0x00007f267450c570} '
[error occurred during error reporting (printing register info), id 0xb, SIGSEGV (0xb) at pc=0x00007f26937e0974]

Registers:
RAX=0x00007f268c1e5ff0, RBX=0x000000000000007e, RCX=0x00007f268c029800, RDX=0x0000000000000009
RSP=0x00007f2692818f68, RBP=0x00007f2692818fc0, RSI=0x000000000000007e, RDI=0x7573ea5cffff0019
R8 =0x00007f268c029800, R9 =0x0000560e13f74320, R10=0x00007f267450c4ed, R11=0x0000000100070040
R12=0x7573ea5cffff0019, R13=0x7573ea5cffff0019, R14=0x0000000000000009, R15=0x00007f267450c570
RIP=0x00007f2692f787c0, EFLAGS=0x0000000000010206, CSGSFS=0x002b000000000033, ERR=0x0000000000000000
  TRAPNO=0x000000000000000d

Top of Stack: (sp=0x00007f2692818f68)
0x00007f2692818f68:   00007f269352e195 00007f268c029800
0x00007f2692818f78:   000000000000007e 00007f2693e88ee8
0x00007f2692818f88:   00007f268c029800 7573ea5cffff0019
0x00007f2692818f98:   000000000000007e 00007f268c02a760 

Instructions: (pc=0x00007f2692f787c0)
0x00007f2692f786c0:   fb 48 89 c7 48 83 ec 08 ff 15 52 52 f1 00 48 85
0x00007f2692f786d0:   c0 74 3d 48 8b 7b 08 48 85 ff 74 44 ff 15 3e 52
0x00007f2692f786e0:   f1 00 48 89 c7 e8 06 79 87 00 84 c0 75 22 48 8b
0x00007f2692f786f0:   7b 08 48 85 ff 74 39 ff 15 23 52 f1 00 48 89 c7
0x00007f2692f78700:   48 83 c4 08 5b 5d e9 35 79 87 00 0f 1f 44 00 00
0x00007f2692f78710:   48 83 c4 08 b8 01 00 00 00 5b 5d c3 0f 1f 40 00
0x00007f2692f78720:   31 ff eb c1 0f 1f 40 00 b8 01 00 00 00 c3 66 90
0x00007f2692f78730:   31 ff eb cc 66 90 66 2e 0f 1f 84 00 00 00 00 00
0x00007f2692f78740:   55 48 89 e5 53 48 89 fb 48 83 ec 08 48 8b 7f 08
0x00007f2692f78750:   48 85 ff 74 41 ff 15 c5 51 f1 00 48 85 c0 74 36
0x00007f2692f78760:   48 8b 7b 08 48 85 ff 74 3f ff 15 b1 51 f1 00 48
0x00007f2692f78770:   89 c7 e8 79 78 87 00 84 c0 75 1b 48 8b 7b 08 48
0x00007f2692f78780:   85 ff 74 2c ff 15 96 51 f1 00 48 89 c7 e8 ae 78
0x00007f2692f78790:   87 00 84 c0 74 07 0f b6 43 21 83 f0 01 48 83 c4
0x00007f2692f787a0:   08 5b 5d c3 0f 1f 40 00 31 ff eb c6 0f 1f 40 00
0x00007f2692f787b0:   31 ff eb d9 66 90 66 2e 0f 1f 84 00 00 00 00 00
0x00007f2692f787c0:   48 8b 47 10 48 85 c0 74 07 f3 c3 0f 1f 44 00 00
0x00007f2692f787d0:   55 48 89 e5 41 54 53 48 89 fb 48 83 ec 10 4c 8b
0x00007f2692f787e0:   67 18 4d 85 e4 0f 84 cd 00 00 00 4c 89 e7 e8 ad
0x00007f2692f787f0:   f3 5f 00 48 8b 43 10 48 85 c0 0f 85 99 00 00 00
0x00007f2692f78800:   48 3b 1d b1 84 f5 00 0f 84 63 01 00 00 80 7b 21
0x00007f2692f78810:   00 0f 85 19 01 00 00 48 8b 7b 08 48 85 ff 0f 84
0x00007f2692f78820:   84 01 00 00 ff 15 f6 50 f1 00 48 8d 15 ef 01 f8
0x00007f2692f78830:   00 48 8b b2 60 01 00 00 48 8d 15 ed e9 f5 00 80
0x00007f2692f78840:   3a 00 0f 85 88 00 00 00 48 8b 78 08 8b 56 10 48
0x00007f2692f78850:   3b 34 17 0f 84 9c 00 00 00 83 fa 20 0f 84 86 00
0x00007f2692f78860:   00 00 31 d2 be 01 00 00 00 bf 20 00 00 00 e8 4d
0x00007f2692f78870:   2d e2 ff 48 85 c0 74 18 48 8b 73 18 48 89 c7 31
0x00007f2692f78880:   d2 48 89 45 e8 e8 b6 38 5b 00 48 8b 45 e8 66 90
0x00007f2692f78890:   4d 85 e4 48 89 43 10 74 2c 4c 89 e7 48 89 45 e8
0x00007f2692f788a0:   e8 3b f5 5f 00 48 8b 45 e8 48 83 c4 10 5b 41 5c
0x00007f2692f788b0:   5d c3 66 0f 1f 44 00 00 48 8b 47 10 48 85 c0 0f 


Stack slot to memory mapping:
stack at sp + 0 slots: 0x00007f269352e195: <offset 0x0000000000bbe195> in /root/.jdks/adopt-openjdk-11.0.10/lib/server/libjvm.so at 0x00007f2692970000
stack at sp + 1 slots: 0x00007f268c029800 is a thread
stack at sp + 2 slots: 0x000000000000007e is an unknown value
stack at sp + 3 slots: 0x00007f2693e88ee8: <offset 0x0000000001518ee8> in /root/.jdks/adopt-openjdk-11.0.10/lib/server/libjvm.so at 0x00007f2692970000
stack at sp + 4 slots: 0x00007f268c029800 is a thread
stack at sp + 5 slots: 0x7573ea5cffff0019 is an unknown value
stack at sp + 6 slots: 0x000000000000007e is an unknown value
stack at sp + 7 slots: 0x00007f268c02a760 points into unknown readable memory: 0x0000003c0000000e | 0e 00 00 00 3c 00 00 00


---------------  P R O C E S S  ---------------

Threads class SMR info:
_java_thread_list=0x00007f268c271d80, length=9, elements={
0x00007f268c029800, 0x00007f268c1bc000, 0x00007f268c1c0000, 0x00007f268c1d5000,
0x00007f268c1d7000, 0x00007f268c1d9000, 0x00007f268c1db000, 0x00007f268c1dd000,
0x00007f268c270800
}

Java Threads: ( => current thread )
=>0x00007f268c029800 JavaThread "main" [_thread_in_vm, id=147715, stack(0x00007f2692720000,0x00007f2692821000)]
  0x00007f268c1bc000 JavaThread "Reference Handler" daemon [_thread_blocked, id=147729, stack(0x00007f266c14d000,0x00007f266c24e000)]
  0x00007f268c1c0000 JavaThread "Finalizer" daemon [_thread_blocked, id=147730, stack(0x00007f266c04c000,0x00007f266c14d000)]
  0x00007f268c1d5000 JavaThread "Signal Dispatcher" daemon [_thread_blocked, id=147736, stack(0x00007f266598d000,0x00007f2665a8e000)]
  0x00007f268c1d7000 JavaThread "Service Thread" daemon [_thread_blocked, id=147737, stack(0x00007f266588c000,0x00007f266598d000)]
  0x00007f268c1d9000 JavaThread "C2 CompilerThread0" daemon [_thread_blocked, id=147738, stack(0x00007f266578b000,0x00007f266588c000)]
  0x00007f268c1db000 JavaThread "C1 CompilerThread0" daemon [_thread_blocked, id=147739, stack(0x00007f266568a000,0x00007f266578b000)]
  0x00007f268c1dd000 JavaThread "Sweeper thread" daemon [_thread_blocked, id=147740, stack(0x00007f2665589000,0x00007f266568a000)]
  0x00007f268c270800 JavaThread "Common-Cleaner" daemon [_thread_blocked, id=147743, stack(0x00007f2665488000,0x00007f2665589000)]

Other Threads:
  0x00007f268c1b3800 VMThread "VM Thread" [stack: 0x00007f266c250000,0x00007f266c350000] [id=147726]
  0x00007f268c041800 GCTaskThread "GC Thread#0" [stack: 0x00007f2691971000,0x00007f2691a71000] [id=147720]
  0x00007f268c072000 ConcurrentGCThread "G1 Main Marker" [stack: 0x00007f26908c9000,0x00007f26909c9000] [id=147721]
  0x00007f268c074000 ConcurrentGCThread "G1 Conc#0" [stack: 0x00007f26907c7000,0x00007f26908c7000] [id=147722]
  0x00007f268c0ea800 ConcurrentGCThread "G1 Refine#0" [stack: 0x00007f26902c1000,0x00007f26903c1000] [id=147723]
  0x00007f268c0ec800 ConcurrentGCThread "G1 Young RemSet Sampling" [stack: 0x00007f26901bf000,0x00007f26902bf000] [id=147724]

Threads with active compile tasks:

VM state:not at safepoint (normal execution)

VM Mutex/Monitor currently owned by a thread:  ([mutex/lock_event])
[0x00007f268c0266a0] MethodData_lock - owner thread: 0x00007f268c029800

Heap address: 0x0000000086a00000, size: 1942 MB, Compressed Oops mode: 32-bit
Narrow klass base: 0x0000000000000000, Narrow klass shift: 3
Compressed class space size: 1073741824 Address: 0x0000000100000000

Heap:
 garbage-first heap   total 124928K, used 1024K [0x0000000086a00000, 0x0000000100000000)
  region size 1024K, 2 young (2048K), 0 survivors (0K)
 Metaspace       used 5104K, capacity 5179K, committed 5376K, reserved 1056768K
  class space    used 435K, capacity 470K, committed 512K, reserved 1048576K
Heap Regions: E=young(eden), S=young(survivor), O=old, HS=humongous(starts), HC=humongous(continues), CS=collection set, F=free, A=archive, TAMS=top-at-mark-start (previous, next)
|   0|0x0000000086a00000, 0x0000000086a00000, 0x0000000086b00000|  0%| F|  |TAMS 0x0000000086a00000, 0x0000000086a00000| Untracked 
|   1|0x0000000086b00000, 0x0000000086b00000, 0x0000000086c00000|  0%| F|  |TAMS 0x0000000086b00000, 0x0000000086b00000| Untracked 
|   2|0x0000000086c00000, 0x0000000086c00000, 0x0000000086d00000|  0%| F|  |TAMS 0x0000000086c00000, 0x0000000086c00000| Untracked 
|   3|0x0000000086d00000, 0x0000000086d00000, 0x0000000086e00000|  0%| F|  |TAMS 0x0000000086d00000, 0x0000000086d00000| Untracked 
|   4|0x0000000086e00000, 0x0000000086e00000, 0x0000000086f00000|  0%| F|  |TAMS 0x0000000086e00000, 0x0000000086e00000| Untracked 
|   5|0x0000000086f00000, 0x0000000086f00000, 0x0000000087000000|  0%| F|  |TAMS 0x0000000086f00000, 0x0000000086f00000| Untracked 
|   6|0x0000000087000000, 0x0000000087000000, 0x0000000087100000|  0%| F|  |TAMS 0x0000000087000000, 0x0000000087000000| Untracked 
|   7|0x0000000087100000, 0x0000000087100000, 0x0000000087200000|  0%| F|  |TAMS 0x0000000087100000, 0x0000000087100000| Untracked 
|   8|0x0000000087200000, 0x0000000087200000, 0x0000000087300000|  0%| F|  |TAMS 0x0000000087200000, 0x0000000087200000| Untracked 
|   9|0x0000000087300000, 0x0000000087300000, 0x0000000087400000|  0%| F|  |TAMS 0x0000000087300000, 0x0000000087300000| Untracked 
|  10|0x0000000087400000, 0x0000000087400000, 0x0000000087500000|  0%| F|  |TAMS 0x0000000087400000, 0x0000000087400000| Untracked 
|  11|0x0000000087500000, 0x0000000087500000, 0x0000000087600000|  0%| F|  |TAMS 0x0000000087500000, 0x0000000087500000| Untracked 
|  12|0x0000000087600000, 0x0000000087600000, 0x0000000087700000|  0%| F|  |TAMS 0x0000000087600000, 0x0000000087600000| Untracked 
|  13|0x0000000087700000, 0x0000000087700000, 0x0000000087800000|  0%| F|  |TAMS 0x0000000087700000, 0x0000000087700000| Untracked 
|  14|0x0000000087800000, 0x0000000087800000, 0x0000000087900000|  0%| F|  |TAMS 0x0000000087800000, 0x0000000087800000| Untracked 
|  15|0x0000000087900000, 0x0000000087900000, 0x0000000087a00000|  0%| F|  |TAMS 0x0000000087900000, 0x0000000087900000| Untracked 
|  16|0x0000000087a00000, 0x0000000087a00000, 0x0000000087b00000|  0%| F|  |TAMS 0x0000000087a00000, 0x0000000087a00000| Untracked 
|  17|0x0000000087b00000, 0x0000000087b00000, 0x0000000087c00000|  0%| F|  |TAMS 0x0000000087b00000, 0x0000000087b00000| Untracked 
|  18|0x0000000087c00000, 0x0000000087c00000, 0x0000000087d00000|  0%| F|  |TAMS 0x0000000087c00000, 0x0000000087c00000| Untracked 
|  19|0x0000000087d00000, 0x0000000087d00000, 0x0000000087e00000|  0%| F|  |TAMS 0x0000000087d00000, 0x0000000087d00000| Untracked 
|  20|0x0000000087e00000, 0x0000000087e00000, 0x0000000087f00000|  0%| F|  |TAMS 0x0000000087e00000, 0x0000000087e00000| Untracked 
|  21|0x0000000087f00000, 0x0000000087f00000, 0x0000000088000000|  0%| F|  |TAMS 0x0000000087f00000, 0x0000000087f00000| Untracked 
|  22|0x0000000088000000, 0x0000000088000000, 0x0000000088100000|  0%| F|  |TAMS 0x0000000088000000, 0x0000000088000000| Untracked 
|  23|0x0000000088100000, 0x0000000088100000, 0x0000000088200000|  0%| F|  |TAMS 0x0000000088100000, 0x0000000088100000| Untracked 
|  24|0x0000000088200000, 0x0000000088200000, 0x0000000088300000|  0%| F|  |TAMS 0x0000000088200000, 0x0000000088200000| Untracked 
|  25|0x0000000088300000, 0x0000000088300000, 0x0000000088400000|  0%| F|  |TAMS 0x0000000088300000, 0x0000000088300000| Untracked 
|  26|0x0000000088400000, 0x0000000088400000, 0x0000000088500000|  0%| F|  |TAMS 0x0000000088400000, 0x0000000088400000| Untracked 
|  27|0x0000000088500000, 0x0000000088500000, 0x0000000088600000|  0%| F|  |TAMS 0x0000000088500000, 0x0000000088500000| Untracked 
|  28|0x0000000088600000, 0x0000000088600000, 0x0000000088700000|  0%| F|  |TAMS 0x0000000088600000, 0x0000000088600000| Untracked 
|  29|0x0000000088700000, 0x0000000088700000, 0x0000000088800000|  0%| F|  |TAMS 0x0000000088700000, 0x0000000088700000| Untracked 
|  30|0x0000000088800000, 0x0000000088800000, 0x0000000088900000|  0%| F|  |TAMS 0x0000000088800000, 0x0000000088800000| Untracked 
|  31|0x0000000088900000, 0x0000000088900000, 0x0000000088a00000|  0%| F|  |TAMS 0x0000000088900000, 0x0000000088900000| Untracked 
|  32|0x0000000088a00000, 0x0000000088a00000, 0x0000000088b00000|  0%| F|  |TAMS 0x0000000088a00000, 0x0000000088a00000| Untracked 
|  33|0x0000000088b00000, 0x0000000088b00000, 0x0000000088c00000|  0%| F|  |TAMS 0x0000000088b00000, 0x0000000088b00000| Untracked 
|  34|0x0000000088c00000, 0x0000000088c00000, 0x0000000088d00000|  0%| F|  |TAMS 0x0000000088c00000, 0x0000000088c00000| Untracked 
|  35|0x0000000088d00000, 0x0000000088d00000, 0x0000000088e00000|  0%| F|  |TAMS 0x0000000088d00000, 0x0000000088d00000| Untracked 
|  36|0x0000000088e00000, 0x0000000088e00000, 0x0000000088f00000|  0%| F|  |TAMS 0x0000000088e00000, 0x0000000088e00000| Untracked 
|  37|0x0000000088f00000, 0x0000000088f00000, 0x0000000089000000|  0%| F|  |TAMS 0x0000000088f00000, 0x0000000088f00000| Untracked 
|  38|0x0000000089000000, 0x0000000089000000, 0x0000000089100000|  0%| F|  |TAMS 0x0000000089000000, 0x0000000089000000| Untracked 
|  39|0x0000000089100000, 0x0000000089100000, 0x0000000089200000|  0%| F|  |TAMS 0x0000000089100000, 0x0000000089100000| Untracked 
|  40|0x0000000089200000, 0x0000000089200000, 0x0000000089300000|  0%| F|  |TAMS 0x0000000089200000, 0x0000000089200000| Untracked 
|  41|0x0000000089300000, 0x0000000089300000, 0x0000000089400000|  0%| F|  |TAMS 0x0000000089300000, 0x0000000089300000| Untracked 
|  42|0x0000000089400000, 0x0000000089400000, 0x0000000089500000|  0%| F|  |TAMS 0x0000000089400000, 0x0000000089400000| Untracked 
|  43|0x0000000089500000, 0x0000000089500000, 0x0000000089600000|  0%| F|  |TAMS 0x0000000089500000, 0x0000000089500000| Untracked 
|  44|0x0000000089600000, 0x0000000089600000, 0x0000000089700000|  0%| F|  |TAMS 0x0000000089600000, 0x0000000089600000| Untracked 
|  45|0x0000000089700000, 0x0000000089700000, 0x0000000089800000|  0%| F|  |TAMS 0x0000000089700000, 0x0000000089700000| Untracked 
|  46|0x0000000089800000, 0x0000000089800000, 0x0000000089900000|  0%| F|  |TAMS 0x0000000089800000, 0x0000000089800000| Untracked 
|  47|0x0000000089900000, 0x0000000089900000, 0x0000000089a00000|  0%| F|  |TAMS 0x0000000089900000, 0x0000000089900000| Untracked 
|  48|0x0000000089a00000, 0x0000000089a00000, 0x0000000089b00000|  0%| F|  |TAMS 0x0000000089a00000, 0x0000000089a00000| Untracked 
|  49|0x0000000089b00000, 0x0000000089b00000, 0x0000000089c00000|  0%| F|  |TAMS 0x0000000089b00000, 0x0000000089b00000| Untracked 
|  50|0x0000000089c00000, 0x0000000089c00000, 0x0000000089d00000|  0%| F|  |TAMS 0x0000000089c00000, 0x0000000089c00000| Untracked 
|  51|0x0000000089d00000, 0x0000000089d00000, 0x0000000089e00000|  0%| F|  |TAMS 0x0000000089d00000, 0x0000000089d00000| Untracked 
|  52|0x0000000089e00000, 0x0000000089e00000, 0x0000000089f00000|  0%| F|  |TAMS 0x0000000089e00000, 0x0000000089e00000| Untracked 
|  53|0x0000000089f00000, 0x0000000089f00000, 0x000000008a000000|  0%| F|  |TAMS 0x0000000089f00000, 0x0000000089f00000| Untracked 
|  54|0x000000008a000000, 0x000000008a000000, 0x000000008a100000|  0%| F|  |TAMS 0x000000008a000000, 0x000000008a000000| Untracked 
|  55|0x000000008a100000, 0x000000008a100000, 0x000000008a200000|  0%| F|  |TAMS 0x000000008a100000, 0x000000008a100000| Untracked 
|  56|0x000000008a200000, 0x000000008a200000, 0x000000008a300000|  0%| F|  |TAMS 0x000000008a200000, 0x000000008a200000| Untracked 
|  57|0x000000008a300000, 0x000000008a300000, 0x000000008a400000|  0%| F|  |TAMS 0x000000008a300000, 0x000000008a300000| Untracked 
|  58|0x000000008a400000, 0x000000008a400000, 0x000000008a500000|  0%| F|  |TAMS 0x000000008a400000, 0x000000008a400000| Untracked 
|  59|0x000000008a500000, 0x000000008a500000, 0x000000008a600000|  0%| F|  |TAMS 0x000000008a500000, 0x000000008a500000| Untracked 
|  60|0x000000008a600000, 0x000000008a600000, 0x000000008a700000|  0%| F|  |TAMS 0x000000008a600000, 0x000000008a600000| Untracked 
|  61|0x000000008a700000, 0x000000008a700000, 0x000000008a800000|  0%| F|  |TAMS 0x000000008a700000, 0x000000008a700000| Untracked 
|  62|0x000000008a800000, 0x000000008a800000, 0x000000008a900000|  0%| F|  |TAMS 0x000000008a800000, 0x000000008a800000| Untracked 
|  63|0x000000008a900000, 0x000000008a900000, 0x000000008aa00000|  0%| F|  |TAMS 0x000000008a900000, 0x000000008a900000| Untracked 
|  64|0x000000008aa00000, 0x000000008aa00000, 0x000000008ab00000|  0%| F|  |TAMS 0x000000008aa00000, 0x000000008aa00000| Untracked 
|  65|0x000000008ab00000, 0x000000008ab00000, 0x000000008ac00000|  0%| F|  |TAMS 0x000000008ab00000, 0x000000008ab00000| Untracked 
|  66|0x000000008ac00000, 0x000000008ac00000, 0x000000008ad00000|  0%| F|  |TAMS 0x000000008ac00000, 0x000000008ac00000| Untracked 
|  67|0x000000008ad00000, 0x000000008ad00000, 0x000000008ae00000|  0%| F|  |TAMS 0x000000008ad00000, 0x000000008ad00000| Untracked 
|  68|0x000000008ae00000, 0x000000008ae00000, 0x000000008af00000|  0%| F|  |TAMS 0x000000008ae00000, 0x000000008ae00000| Untracked 
|  69|0x000000008af00000, 0x000000008af00000, 0x000000008b000000|  0%| F|  |TAMS 0x000000008af00000, 0x000000008af00000| Untracked 
|  70|0x000000008b000000, 0x000000008b000000, 0x000000008b100000|  0%| F|  |TAMS 0x000000008b000000, 0x000000008b000000| Untracked 
|  71|0x000000008b100000, 0x000000008b100000, 0x000000008b200000|  0%| F|  |TAMS 0x000000008b100000, 0x000000008b100000| Untracked 
|  72|0x000000008b200000, 0x000000008b200000, 0x000000008b300000|  0%| F|  |TAMS 0x000000008b200000, 0x000000008b200000| Untracked 
|  73|0x000000008b300000, 0x000000008b300000, 0x000000008b400000|  0%| F|  |TAMS 0x000000008b300000, 0x000000008b300000| Untracked 
|  74|0x000000008b400000, 0x000000008b400000, 0x000000008b500000|  0%| F|  |TAMS 0x000000008b400000, 0x000000008b400000| Untracked 
|  75|0x000000008b500000, 0x000000008b500000, 0x000000008b600000|  0%| F|  |TAMS 0x000000008b500000, 0x000000008b500000| Untracked 
|  76|0x000000008b600000, 0x000000008b600000, 0x000000008b700000|  0%| F|  |TAMS 0x000000008b600000, 0x000000008b600000| Untracked 
|  77|0x000000008b700000, 0x000000008b700000, 0x000000008b800000|  0%| F|  |TAMS 0x000000008b700000, 0x000000008b700000| Untracked 
|  78|0x000000008b800000, 0x000000008b800000, 0x000000008b900000|  0%| F|  |TAMS 0x000000008b800000, 0x000000008b800000| Untracked 
|  79|0x000000008b900000, 0x000000008b900000, 0x000000008ba00000|  0%| F|  |TAMS 0x000000008b900000, 0x000000008b900000| Untracked 
|  80|0x000000008ba00000, 0x000000008ba00000, 0x000000008bb00000|  0%| F|  |TAMS 0x000000008ba00000, 0x000000008ba00000| Untracked 
|  81|0x000000008bb00000, 0x000000008bb00000, 0x000000008bc00000|  0%| F|  |TAMS 0x000000008bb00000, 0x000000008bb00000| Untracked 
|  82|0x000000008bc00000, 0x000000008bc00000, 0x000000008bd00000|  0%| F|  |TAMS 0x000000008bc00000, 0x000000008bc00000| Untracked 
|  83|0x000000008bd00000, 0x000000008bd00000, 0x000000008be00000|  0%| F|  |TAMS 0x000000008bd00000, 0x000000008bd00000| Untracked 
|  84|0x000000008be00000, 0x000000008be00000, 0x000000008bf00000|  0%| F|  |TAMS 0x000000008be00000, 0x000000008be00000| Untracked 
|  85|0x000000008bf00000, 0x000000008bf00000, 0x000000008c000000|  0%| F|  |TAMS 0x000000008bf00000, 0x000000008bf00000| Untracked 
|  86|0x000000008c000000, 0x000000008c000000, 0x000000008c100000|  0%| F|  |TAMS 0x000000008c000000, 0x000000008c000000| Untracked 
|  87|0x000000008c100000, 0x000000008c100000, 0x000000008c200000|  0%| F|  |TAMS 0x000000008c100000, 0x000000008c100000| Untracked 
|  88|0x000000008c200000, 0x000000008c200000, 0x000000008c300000|  0%| F|  |TAMS 0x000000008c200000, 0x000000008c200000| Untracked 
|  89|0x000000008c300000, 0x000000008c300000, 0x000000008c400000|  0%| F|  |TAMS 0x000000008c300000, 0x000000008c300000| Untracked 
|  90|0x000000008c400000, 0x000000008c400000, 0x000000008c500000|  0%| F|  |TAMS 0x000000008c400000, 0x000000008c400000| Untracked 
|  91|0x000000008c500000, 0x000000008c500000, 0x000000008c600000|  0%| F|  |TAMS 0x000000008c500000, 0x000000008c500000| Untracked 
|  92|0x000000008c600000, 0x000000008c600000, 0x000000008c700000|  0%| F|  |TAMS 0x000000008c600000, 0x000000008c600000| Untracked 
|  93|0x000000008c700000, 0x000000008c700000, 0x000000008c800000|  0%| F|  |TAMS 0x000000008c700000, 0x000000008c700000| Untracked 
|  94|0x000000008c800000, 0x000000008c800000, 0x000000008c900000|  0%| F|  |TAMS 0x000000008c800000, 0x000000008c800000| Untracked 
|  95|0x000000008c900000, 0x000000008c900000, 0x000000008ca00000|  0%| F|  |TAMS 0x000000008c900000, 0x000000008c900000| Untracked 
|  96|0x000000008ca00000, 0x000000008ca00000, 0x000000008cb00000|  0%| F|  |TAMS 0x000000008ca00000, 0x000000008ca00000| Untracked 
|  97|0x000000008cb00000, 0x000000008cb00000, 0x000000008cc00000|  0%| F|  |TAMS 0x000000008cb00000, 0x000000008cb00000| Untracked 
|  98|0x000000008cc00000, 0x000000008cc00000, 0x000000008cd00000|  0%| F|  |TAMS 0x000000008cc00000, 0x000000008cc00000| Untracked 
|  99|0x000000008cd00000, 0x000000008cd00000, 0x000000008ce00000|  0%| F|  |TAMS 0x000000008cd00000, 0x000000008cd00000| Untracked 
| 100|0x000000008ce00000, 0x000000008ce00000, 0x000000008cf00000|  0%| F|  |TAMS 0x000000008ce00000, 0x000000008ce00000| Untracked 
| 101|0x000000008cf00000, 0x000000008cf00000, 0x000000008d000000|  0%| F|  |TAMS 0x000000008cf00000, 0x000000008cf00000| Untracked 
| 102|0x000000008d000000, 0x000000008d000000, 0x000000008d100000|  0%| F|  |TAMS 0x000000008d000000, 0x000000008d000000| Untracked 
| 103|0x000000008d100000, 0x000000008d100000, 0x000000008d200000|  0%| F|  |TAMS 0x000000008d100000, 0x000000008d100000| Untracked 
| 104|0x000000008d200000, 0x000000008d200000, 0x000000008d300000|  0%| F|  |TAMS 0x000000008d200000, 0x000000008d200000| Untracked 
| 105|0x000000008d300000, 0x000000008d300000, 0x000000008d400000|  0%| F|  |TAMS 0x000000008d300000, 0x000000008d300000| Untracked 
| 106|0x000000008d400000, 0x000000008d400000, 0x000000008d500000|  0%| F|  |TAMS 0x000000008d400000, 0x000000008d400000| Untracked 
| 107|0x000000008d500000, 0x000000008d500000, 0x000000008d600000|  0%| F|  |TAMS 0x000000008d500000, 0x000000008d500000| Untracked 
| 108|0x000000008d600000, 0x000000008d600000, 0x000000008d700000|  0%| F|  |TAMS 0x000000008d600000, 0x000000008d600000| Untracked 
| 109|0x000000008d700000, 0x000000008d700000, 0x000000008d800000|  0%| F|  |TAMS 0x000000008d700000, 0x000000008d700000| Untracked 
| 110|0x000000008d800000, 0x000000008d800000, 0x000000008d900000|  0%| F|  |TAMS 0x000000008d800000, 0x000000008d800000| Untracked 
| 111|0x000000008d900000, 0x000000008d900000, 0x000000008da00000|  0%| F|  |TAMS 0x000000008d900000, 0x000000008d900000| Untracked 
| 112|0x000000008da00000, 0x000000008da00000, 0x000000008db00000|  0%| F|  |TAMS 0x000000008da00000, 0x000000008da00000| Untracked 
| 113|0x000000008db00000, 0x000000008db00000, 0x000000008dc00000|  0%| F|  |TAMS 0x000000008db00000, 0x000000008db00000| Untracked 
| 114|0x000000008dc00000, 0x000000008dc00000, 0x000000008dd00000|  0%| F|  |TAMS 0x000000008dc00000, 0x000000008dc00000| Untracked 
| 115|0x000000008dd00000, 0x000000008dd00000, 0x000000008de00000|  0%| F|  |TAMS 0x000000008dd00000, 0x000000008dd00000| Untracked 
| 116|0x000000008de00000, 0x000000008de00000, 0x000000008df00000|  0%| F|  |TAMS 0x000000008de00000, 0x000000008de00000| Untracked 
| 117|0x000000008df00000, 0x000000008df00000, 0x000000008e000000|  0%| F|  |TAMS 0x000000008df00000, 0x000000008df00000| Untracked 
| 118|0x000000008e000000, 0x000000008e000000, 0x000000008e100000|  0%| F|  |TAMS 0x000000008e000000, 0x000000008e000000| Untracked 
| 119|0x000000008e100000, 0x000000008e100000, 0x000000008e200000|  0%| F|  |TAMS 0x000000008e100000, 0x000000008e100000| Untracked 
| 120|0x000000008e200000, 0x000000008e2d7910, 0x000000008e300000| 84%| E|  |TAMS 0x000000008e200000, 0x000000008e200000| Complete 
| 121|0x000000008e300000, 0x000000008e400000, 0x000000008e400000|100%| E|CS|TAMS 0x000000008e300000, 0x000000008e300000| Complete 

Card table byte_map: [0x00007f2690dd5000,0x00007f26911a0000] _byte_map_base: 0x00007f26909a0000

Marking Bits (Prev, Next): (CMBitMap*) 0x00007f268c069918, (CMBitMap*) 0x00007f268c069950
 Prev Bits: [0x00007f266e1a8000, 0x00007f2670000000)
 Next Bits: [0x00007f266c350000, 0x00007f266e1a8000)

Polling page: 0x00007f2694378000

Metaspace:

Usage:
  Non-class:      4,60 MB capacity,     4,56 MB (>99%) used,    37,38 KB ( <1%) free+waste,     2,19 KB ( <1%) overhead. 
      Class:    470,00 KB capacity,   435,54 KB ( 93%) used,    33,15 KB (  7%) free+waste,     1,31 KB ( <1%) overhead. 
       Both:      5,06 MB capacity,     4,99 MB ( 99%) used,    70,53 KB (  1%) free+waste,     3,50 KB ( <1%) overhead. 

Virtual space:
  Non-class space:        8,00 MB reserved,       4,75 MB ( 59%) committed 
      Class space:        1,00 GB reserved,     512,00 KB ( <1%) committed 
             Both:        1,01 GB reserved,       5,25 MB ( <1%) committed 

Chunk freelists:
   Non-Class:  19,00 KB
       Class:  10,00 KB
        Both:  29,00 KB

MaxMetaspaceSize: unlimited
CompressedClassSpaceSize: 1,00 GB

CodeHeap 'non-profiled nmethods': size=120032Kb used=51Kb max_used=51Kb free=119980Kb
 bounds [0x00007f267c35a000, 0x00007f267c5ca000, 0x00007f2683892000]
CodeHeap 'profiled nmethods': size=120032Kb used=181Kb max_used=181Kb free=119850Kb
 bounds [0x00007f2674e22000, 0x00007f2675092000, 0x00007f267c35a000]
CodeHeap 'non-nmethods': size=5696Kb used=1005Kb max_used=1020Kb free=4690Kb
 bounds [0x00007f2674892000, 0x00007f2674b02000, 0x00007f2674e22000]
 total_blobs=461 nmethods=166 adapters=209
 compilation: enabled
              stopped_count=0, restarted_count=0
 full_count=0

Compilation events (20 events):
Event: 0,317 Thread 0x00007f268c1db000  156       3       java.util.concurrent.ConcurrentHashMap$Node::<init> (20 bytes)
Event: 0,317 Thread 0x00007f268c1db000 nmethod 156 0x00007f2674e4b710 code [0x00007f2674e4b8c0, 0x00007f2674e4bad0]
Event: 0,319 Thread 0x00007f268c1db000  157       3       java.util.ImmutableCollections$SetN::<init> (90 bytes)
Event: 0,321 Thread 0x00007f268c1db000 nmethod 157 0x00007f2674e4bb90 code [0x00007f2674e4be80, 0x00007f2674e4cdf0]
Event: 0,322 Thread 0x00007f268c1db000  158       3       java.util.HashMap$ValueIterator::next (8 bytes)
Event: 0,322 Thread 0x00007f268c1db000 nmethod 158 0x00007f2674e4d310 code [0x00007f2674e4d4c0, 0x00007f2674e4d5e0]
Event: 0,324 Thread 0x00007f268c1db000  159       3       java.util.AbstractMap::<init> (5 bytes)
Event: 0,324 Thread 0x00007f268c1db000 nmethod 159 0x00007f2674e4d690 code [0x00007f2674e4d840, 0x00007f2674e4d990]
Event: 0,325 Thread 0x00007f268c1db000  160       3       jdk.internal.module.ModuleBootstrap$2::hasNext (30 bytes)
Event: 0,325 Thread 0x00007f268c1db000 nmethod 160 0x00007f2674e4da90 code [0x00007f2674e4dc60, 0x00007f2674e4df70]
Event: 0,325 Thread 0x00007f268c1db000  161       3       jdk.internal.module.ModuleBootstrap$2::next (52 bytes)
Event: 0,326 Thread 0x00007f268c1db000 nmethod 161 0x00007f2674e4e090 code [0x00007f2674e4e2a0, 0x00007f2674e4e7a0]
Event: 0,327 Thread 0x00007f268c1db000  163       1       java.lang.Module::getDescriptor (5 bytes)
Event: 0,327 Thread 0x00007f268c1db000 nmethod 163 0x00007f267c365110 code [0x00007f267c3652c0, 0x00007f267c365370]
Event: 0,328 Thread 0x00007f268c1db000  164       3       java.util.HashMap::<init> (11 bytes)
Event: 0,329 Thread 0x00007f268c1db000 nmethod 164 0x00007f2674e4e910 code [0x00007f2674e4eac0, 0x00007f2674e4ec70]
Event: 0,340 Thread 0x00007f268c1db000  165       3       java.lang.CharacterDataLatin1::getProperties (11 bytes)
Event: 0,341 Thread 0x00007f268c1db000 nmethod 165 0x00007f2674e4ed90 code [0x00007f2674e4ef40, 0x00007f2674e4f070]
Event: 0,341 Thread 0x00007f268c1db000  166       3       java.lang.AbstractStringBuilder::putStringAt (29 bytes)
Event: 0,342 Thread 0x00007f268c1db000 nmethod 166 0x00007f2674e4f190 code [0x00007f2674e4f380, 0x00007f2674e4f670]

GC Heap History (0 events):
No events

Deoptimization events (0 events):
No events

Classes redefined (0 events):
No events

Internal exceptions (0 events):
No events

Events (20 events):
Event: 0,352 loading class sun/nio/cs/ISO_8859_1 done
Event: 0,352 loading class sun/nio/cs/US_ASCII
Event: 0,352 loading class sun/nio/cs/US_ASCII done
Event: 0,353 loading class java/lang/StringCoding$1
Event: 0,353 loading class java/lang/StringCoding$1 done
Event: 0,353 loading class sun/nio/fs/UnixNativeDispatcher
Event: 0,353 loading class sun/nio/fs/UnixNativeDispatcher done
Event: 0,353 loading class sun/nio/fs/UnixNativeDispatcher$1
Event: 0,353 loading class sun/nio/fs/UnixNativeDispatcher$1 done
Event: 0,355 Loaded shared library /root/.jdks/adopt-openjdk-11.0.10/lib/libnio.so
Event: 0,355 loading class sun/nio/fs/UnixFileAttributes
Event: 0,355 loading class java/nio/file/attribute/PosixFileAttributes
Event: 0,355 loading class java/nio/file/attribute/BasicFileAttributes
Event: 0,355 loading class java/nio/file/attribute/BasicFileAttributes done
Event: 0,355 loading class java/nio/file/attribute/PosixFileAttributes done
Event: 0,355 loading class sun/nio/fs/UnixFileAttributes done
Event: 0,356 loading class sun/nio/fs/UnixFileStoreAttributes
Event: 0,356 loading class sun/nio/fs/UnixFileStoreAttributes done
Event: 0,356 loading class sun/nio/fs/UnixMountEntry
Event: 0,356 loading class sun/nio/fs/UnixMountEntry done


Dynamic libraries:
86a00000-8e400000 rw-p 00000000 00:00 0 
8e400000-100000000 ---p 00000000 00:00 0 
100000000-100080000 rw-p 00000000 00:00 0 
100080000-140000000 ---p 00000000 00:00 0 
560e13aa0000-560e13aa1000 r-xp 00000000 08:05 1845197                    /root/.jdks/adopt-openjdk-11.0.10/bin/java
560e13ca1000-560e13ca2000 r--p 00001000 08:05 1845197                    /root/.jdks/adopt-openjdk-11.0.10/bin/java
560e13ca2000-560e13ca3000 rw-p 00002000 08:05 1845197                    /root/.jdks/adopt-openjdk-11.0.10/bin/java
560e13f5e000-560e13f7f000 rw-p 00000000 00:00 0                          [heap]
7f2634000000-7f2634021000 rw-p 00000000 00:00 0 
7f2634021000-7f2638000000 ---p 00000000 00:00 0 
7f2638000000-7f2638021000 rw-p 00000000 00:00 0 
7f2638021000-7f263c000000 ---p 00000000 00:00 0 
7f263c000000-7f263c1f9000 rw-p 00000000 00:00 0 
7f263c1f9000-7f2640000000 ---p 00000000 00:00 0 
7f2640000000-7f26400df000 rw-p 00000000 00:00 0 
7f26400df000-7f2644000000 ---p 00000000 00:00 0 
7f2644000000-7f2644021000 rw-p 00000000 00:00 0 
7f2644021000-7f2648000000 ---p 00000000 00:00 0 
7f2648000000-7f2648021000 rw-p 00000000 00:00 0 
7f2648021000-7f264c000000 ---p 00000000 00:00 0 
7f264c000000-7f264c021000 rw-p 00000000 00:00 0 
7f264c021000-7f2650000000 ---p 00000000 00:00 0 
7f2650000000-7f2650021000 rw-p 00000000 00:00 0 
7f2650021000-7f2654000000 ---p 00000000 00:00 0 
7f2654000000-7f2654021000 rw-p 00000000 00:00 0 
7f2654021000-7f2658000000 ---p 00000000 00:00 0 
7f2658000000-7f2658021000 rw-p 00000000 00:00 0 
7f2658021000-7f265c000000 ---p 00000000 00:00 0 
7f265c000000-7f265c021000 rw-p 00000000 00:00 0 
7f265c021000-7f2660000000 ---p 00000000 00:00 0 
7f2660000000-7f2660021000 rw-p 00000000 00:00 0 
7f2660021000-7f2664000000 ---p 00000000 00:00 0 
7f2664ca5000-7f2665060000 rw-p 00000000 00:00 0 
7f2665060000-7f2665076000 r-xp 00000000 08:05 2360686                    /root/.jdks/adopt-openjdk-11.0.10/lib/libnet.so
7f2665076000-7f2665275000 ---p 00016000 08:05 2360686                    /root/.jdks/adopt-openjdk-11.0.10/lib/libnet.so
7f2665275000-7f2665276000 r--p 00015000 08:05 2360686                    /root/.jdks/adopt-openjdk-11.0.10/lib/libnet.so
7f2665276000-7f2665277000 rw-p 00016000 08:05 2360686                    /root/.jdks/adopt-openjdk-11.0.10/lib/libnet.so
7f2665277000-7f2665286000 r-xp 00000000 08:05 2360710                    /root/.jdks/adopt-openjdk-11.0.10/lib/libnio.so
7f2665286000-7f2665486000 ---p 0000f000 08:05 2360710                    /root/.jdks/adopt-openjdk-11.0.10/lib/libnio.so
7f2665486000-7f2665487000 r--p 0000f000 08:05 2360710                    /root/.jdks/adopt-openjdk-11.0.10/lib/libnio.so
7f2665487000-7f2665488000 rw-p 00010000 08:05 2360710                    /root/.jdks/adopt-openjdk-11.0.10/lib/libnio.so
7f2665488000-7f266548c000 ---p 00000000 00:00 0 
7f266548c000-7f2665589000 rw-p 00000000 00:00 0 
7f2665589000-7f266558d000 ---p 00000000 00:00 0 
7f266558d000-7f266568a000 rw-p 00000000 00:00 0 
7f266568a000-7f266568e000 ---p 00000000 00:00 0 
7f266568e000-7f266578b000 rw-p 00000000 00:00 0 
7f266578b000-7f266578f000 ---p 00000000 00:00 0 
7f266578f000-7f266588c000 rw-p 00000000 00:00 0 
7f266588c000-7f2665890000 ---p 00000000 00:00 0 
7f2665890000-7f266598d000 rw-p 00000000 00:00 0 
7f266598d000-7f2665991000 ---p 00000000 00:00 0 
7f2665991000-7f2665a8e000 rw-p 00000000 00:00 0 
7f2665a8e000-7f2666000000 r--p 00000000 08:05 2759899                    /usr/lib/locale/locale-archive
7f2666000000-7f2668000000 rw-p 00000000 00:00 0 
7f2668000000-7f2668021000 rw-p 00000000 00:00 0 
7f2668021000-7f266c000000 ---p 00000000 00:00 0 
7f266c04c000-7f266c050000 ---p 00000000 00:00 0 
7f266c050000-7f266c14d000 rw-p 00000000 00:00 0 
7f266c14d000-7f266c151000 ---p 00000000 00:00 0 
7f266c151000-7f266c24e000 rw-p 00000000 00:00 0 
7f266c24e000-7f266c24f000 ---p 00000000 00:00 0 
7f266c24f000-7f266c538000 rw-p 00000000 00:00 0 
7f266c538000-7f266e1a8000 ---p 00000000 00:00 0 
7f266e1a8000-7f266e390000 rw-p 00000000 00:00 0 
7f266e390000-7f2670000000 ---p 00000000 00:00 0 
7f2670000000-7f2670021000 rw-p 00000000 00:00 0 
7f2670021000-7f2674000000 ---p 00000000 00:00 0 
7f2674092000-7f2674552000 rw-p 00000000 00:00 0 
7f2674552000-7f2674892000 ---p 00000000 00:00 0 
7f2674892000-7f2674b02000 rwxp 00000000 00:00 0 
7f2674b02000-7f2674e22000 ---p 00000000 00:00 0 
7f2674e22000-7f2675092000 rwxp 00000000 00:00 0 
7f2675092000-7f267c35a000 ---p 00000000 00:00 0 
7f267c35a000-7f267c5ca000 rwxp 00000000 00:00 0 
7f267c5ca000-7f2683892000 ---p 00000000 00:00 0 
7f2683892000-7f268c000000 r--s 00000000 08:05 2360684                    /root/.jdks/adopt-openjdk-11.0.10/lib/modules
7f268c000000-7f268c302000 rw-p 00000000 00:00 0 
7f268c302000-7f2690000000 ---p 00000000 00:00 0 
7f26900e1000-7f26901bd000 rw-p 00000000 00:00 0 
7f26901bd000-7f26901be000 ---p 00000000 00:00 0 
7f26901be000-7f26902bf000 rw-p 00000000 00:00 0 
7f26902bf000-7f26902c0000 ---p 00000000 00:00 0 
7f26902c0000-7f26907c5000 rw-p 00000000 00:00 0 
7f26907c5000-7f26907c6000 ---p 00000000 00:00 0 
7f26907c6000-7f26908c7000 rw-p 00000000 00:00 0 
7f26908c7000-7f26908c8000 ---p 00000000 00:00 0 
7f26908c8000-7f2690a47000 rw-p 00000000 00:00 0 
7f2690a47000-7f2690dd5000 ---p 00000000 00:00 0 
7f2690dd5000-7f2690e12000 rw-p 00000000 00:00 0 
7f2690e12000-7f26911a0000 ---p 00000000 00:00 0 
7f26911a0000-7f26911dd000 rw-p 00000000 00:00 0 
7f26911dd000-7f269156b000 ---p 00000000 00:00 0 
7f269156b000-7f269196f000 rw-p 00000000 00:00 0 
7f269196f000-7f2691970000 ---p 00000000 00:00 0 
7f2691970000-7f2691a76000 rw-p 00000000 00:00 0 
7f2691a76000-7f2691b5c000 ---p 00000000 00:00 0 
7f2691b5c000-7f2691b61000 rw-p 00000000 00:00 0 
7f2691b61000-7f2691c47000 ---p 00000000 00:00 0 
7f2691c47000-7f2691c4c000 rw-p 00000000 00:00 0 
7f2691c4c000-7f2691c53000 ---p 00000000 00:00 0 
7f2691c53000-7f2691c5a000 r-xp 00000000 08:05 2360709                    /root/.jdks/adopt-openjdk-11.0.10/lib/libzip.so
7f2691c5a000-7f2691e59000 ---p 00007000 08:05 2360709                    /root/.jdks/adopt-openjdk-11.0.10/lib/libzip.so
7f2691e59000-7f2691e5a000 r--p 00006000 08:05 2360709                    /root/.jdks/adopt-openjdk-11.0.10/lib/libzip.so
7f2691e5a000-7f2691e5b000 rw-p 00007000 08:05 2360709                    /root/.jdks/adopt-openjdk-11.0.10/lib/libzip.so
7f2691e5b000-7f2691e5e000 r--p 00000000 08:05 393447                     /lib/x86_64-linux-gnu/libnss_files-2.31.so
7f2691e5e000-7f2691e65000 r-xp 00003000 08:05 393447                     /lib/x86_64-linux-gnu/libnss_files-2.31.so
7f2691e65000-7f2691e67000 r--p 0000a000 08:05 393447                     /lib/x86_64-linux-gnu/libnss_files-2.31.so
7f2691e67000-7f2691e68000 r--p 0000b000 08:05 393447                     /lib/x86_64-linux-gnu/libnss_files-2.31.so
7f2691e68000-7f2691e69000 rw-p 0000c000 08:05 393447                     /lib/x86_64-linux-gnu/libnss_files-2.31.so
7f2691e69000-7f2691e6f000 rw-p 00000000 00:00 0 
7f2691e6f000-7f2691e74000 r--p 00000000 08:05 393441                     /lib/x86_64-linux-gnu/libnsl-2.31.so
7f2691e74000-7f2691e84000 r-xp 00005000 08:05 393441                     /lib/x86_64-linux-gnu/libnsl-2.31.so
7f2691e84000-7f2691e88000 r--p 00015000 08:05 393441                     /lib/x86_64-linux-gnu/libnsl-2.31.so
7f2691e88000-7f2691e89000 r--p 00018000 08:05 393441                     /lib/x86_64-linux-gnu/libnsl-2.31.so
7f2691e89000-7f2691e8a000 rw-p 00019000 08:05 393441                     /lib/x86_64-linux-gnu/libnsl-2.31.so
7f2691e8a000-7f2691e8c000 rw-p 00000000 00:00 0 
7f2691e8c000-7f2691e8f000 r--p 00000000 08:05 393451                     /lib/x86_64-linux-gnu/libnss_nis-2.31.so
7f2691e8f000-7f2691e97000 r-xp 00003000 08:05 393451                     /lib/x86_64-linux-gnu/libnss_nis-2.31.so
7f2691e97000-7f2691e99000 r--p 0000b000 08:05 393451                     /lib/x86_64-linux-gnu/libnss_nis-2.31.so
7f2691e99000-7f2691e9a000 r--p 0000c000 08:05 393451                     /lib/x86_64-linux-gnu/libnss_nis-2.31.so
7f2691e9a000-7f2691e9b000 rw-p 0000d000 08:05 393451                     /lib/x86_64-linux-gnu/libnss_nis-2.31.so
7f2691ea6000-7f2691eae000 rw-s 00000000 08:05 2752652                    /tmp/hsperfdata_root/147713
7f2691eae000-7f2691eb8000 r-xp 00000000 08:05 2360708                    /root/.jdks/adopt-openjdk-11.0.10/lib/libinstrument.so
7f2691eb8000-7f26920b7000 ---p 0000a000 08:05 2360708                    /root/.jdks/adopt-openjdk-11.0.10/lib/libinstrument.so
7f26920b7000-7f26920b8000 r--p 00009000 08:05 2360708                    /root/.jdks/adopt-openjdk-11.0.10/lib/libinstrument.so
7f26920b8000-7f26920b9000 rw-p 0000a000 08:05 2360708                    /root/.jdks/adopt-openjdk-11.0.10/lib/libinstrument.so
7f26920b9000-7f26920d4000 r-xp 00000000 08:05 2360685                    /root/.jdks/adopt-openjdk-11.0.10/lib/libjimage.so
7f26920d4000-7f26922d4000 ---p 0001b000 08:05 2360685                    /root/.jdks/adopt-openjdk-11.0.10/lib/libjimage.so
7f26922d4000-7f26922d6000 r--p 0001b000 08:05 2360685                    /root/.jdks/adopt-openjdk-11.0.10/lib/libjimage.so
7f26922d6000-7f26922d7000 rw-p 0001d000 08:05 2360685                    /root/.jdks/adopt-openjdk-11.0.10/lib/libjimage.so
7f26922d7000-7f2692300000 r-xp 00000000 08:05 2360728                    /root/.jdks/adopt-openjdk-11.0.10/lib/libjava.so
7f2692300000-7f26924ff000 ---p 00029000 08:05 2360728                    /root/.jdks/adopt-openjdk-11.0.10/lib/libjava.so
7f26924ff000-7f2692500000 r--p 00028000 08:05 2360728                    /root/.jdks/adopt-openjdk-11.0.10/lib/libjava.so
7f2692500000-7f2692501000 rw-p 00029000 08:05 2360728                    /root/.jdks/adopt-openjdk-11.0.10/lib/libjava.so
7f2692501000-7f2692502000 rw-p 00000000 00:00 0 
7f2692502000-7f2692513000 r-xp 00000000 08:05 2360704                    /root/.jdks/adopt-openjdk-11.0.10/lib/libverify.so
7f2692513000-7f2692712000 ---p 00011000 08:05 2360704                    /root/.jdks/adopt-openjdk-11.0.10/lib/libverify.so
7f2692712000-7f2692714000 r--p 00010000 08:05 2360704                    /root/.jdks/adopt-openjdk-11.0.10/lib/libverify.so
7f2692714000-7f2692715000 rw-p 00012000 08:05 2360704                    /root/.jdks/adopt-openjdk-11.0.10/lib/libverify.so
7f2692715000-7f2692718000 r--p 00000000 08:05 393461                     /lib/x86_64-linux-gnu/librt-2.31.so
7f2692718000-7f269271c000 r-xp 00003000 08:05 393461                     /lib/x86_64-linux-gnu/librt-2.31.so
7f269271c000-7f269271d000 r--p 00007000 08:05 393461                     /lib/x86_64-linux-gnu/librt-2.31.so
7f269271d000-7f269271e000 ---p 00008000 08:05 393461                     /lib/x86_64-linux-gnu/librt-2.31.so
7f269271e000-7f269271f000 r--p 00008000 08:05 393461                     /lib/x86_64-linux-gnu/librt-2.31.so
7f269271f000-7f2692720000 rw-p 00009000 08:05 393461                     /lib/x86_64-linux-gnu/librt-2.31.so
7f2692720000-7f2692724000 ---p 00000000 00:00 0 
7f2692724000-7f2692821000 rw-p 00000000 00:00 0 
7f2692821000-7f2692830000 r--p 00000000 08:05 393435                     /lib/x86_64-linux-gnu/libm-2.31.so
7f2692830000-7f26928d7000 r-xp 0000f000 08:05 393435                     /lib/x86_64-linux-gnu/libm-2.31.so
7f26928d7000-7f269296e000 r--p 000b6000 08:05 393435                     /lib/x86_64-linux-gnu/libm-2.31.so
7f269296e000-7f269296f000 r--p 0014c000 08:05 393435                     /lib/x86_64-linux-gnu/libm-2.31.so
7f269296f000-7f2692970000 rw-p 0014d000 08:05 393435                     /lib/x86_64-linux-gnu/libm-2.31.so
7f2692970000-7f2693bc7000 r-xp 00000000 08:05 2360699                    /root/.jdks/adopt-openjdk-11.0.10/lib/server/libjvm.so
7f2693bc7000-7f2693dc7000 ---p 01257000 08:05 2360699                    /root/.jdks/adopt-openjdk-11.0.10/lib/server/libjvm.so
7f2693dc7000-7f2693e89000 r--p 01257000 08:05 2360699                    /root/.jdks/adopt-openjdk-11.0.10/lib/server/libjvm.so
7f2693e89000-7f2693ec4000 rw-p 01319000 08:05 2360699                    /root/.jdks/adopt-openjdk-11.0.10/lib/server/libjvm.so
7f2693ec4000-7f2693f1d000 rw-p 00000000 00:00 0 
7f2693f1d000-7f2693f42000 r--p 00000000 08:05 393431                     /lib/x86_64-linux-gnu/libc-2.31.so
7f2693f42000-7f26940ba000 r-xp 00025000 08:05 393431                     /lib/x86_64-linux-gnu/libc-2.31.so
7f26940ba000-7f2694104000 r--p 0019d000 08:05 393431                     /lib/x86_64-linux-gnu/libc-2.31.so
7f2694104000-7f2694105000 ---p 001e7000 08:05 393431                     /lib/x86_64-linux-gnu/libc-2.31.so
7f2694105000-7f2694108000 r--p 001e7000 08:05 393431                     /lib/x86_64-linux-gnu/libc-2.31.so
7f2694108000-7f269410b000 rw-p 001ea000 08:05 393431                     /lib/x86_64-linux-gnu/libc-2.31.so
7f269410b000-7f269410f000 rw-p 00000000 00:00 0 
7f269410f000-7f2694110000 r--p 00000000 08:05 393433                     /lib/x86_64-linux-gnu/libdl-2.31.so
7f2694110000-7f2694112000 r-xp 00001000 08:05 393433                     /lib/x86_64-linux-gnu/libdl-2.31.so
7f2694112000-7f2694113000 r--p 00003000 08:05 393433                     /lib/x86_64-linux-gnu/libdl-2.31.so
7f2694113000-7f2694114000 r--p 00003000 08:05 393433                     /lib/x86_64-linux-gnu/libdl-2.31.so
7f2694114000-7f2694115000 rw-p 00004000 08:05 393433                     /lib/x86_64-linux-gnu/libdl-2.31.so
7f2694115000-7f2694125000 r-xp 00000000 08:05 2360693                    /root/.jdks/adopt-openjdk-11.0.10/lib/jli/libjli.so
7f2694125000-7f2694324000 ---p 00010000 08:05 2360693                    /root/.jdks/adopt-openjdk-11.0.10/lib/jli/libjli.so
7f2694324000-7f2694325000 r--p 0000f000 08:05 2360693                    /root/.jdks/adopt-openjdk-11.0.10/lib/jli/libjli.so
7f2694325000-7f2694326000 rw-p 00010000 08:05 2360693                    /root/.jdks/adopt-openjdk-11.0.10/lib/jli/libjli.so
7f2694326000-7f269432d000 r--p 00000000 08:05 393457                     /lib/x86_64-linux-gnu/libpthread-2.31.so
7f269432d000-7f269433e000 r-xp 00007000 08:05 393457                     /lib/x86_64-linux-gnu/libpthread-2.31.so
7f269433e000-7f2694343000 r--p 00018000 08:05 393457                     /lib/x86_64-linux-gnu/libpthread-2.31.so
7f2694343000-7f2694344000 r--p 0001c000 08:05 393457                     /lib/x86_64-linux-gnu/libpthread-2.31.so
7f2694344000-7f2694345000 rw-p 0001d000 08:05 393457                     /lib/x86_64-linux-gnu/libpthread-2.31.so
7f2694345000-7f2694349000 rw-p 00000000 00:00 0 
7f2694349000-7f269434b000 r--p 00000000 08:05 398902                     /lib/x86_64-linux-gnu/libz.so.1.2.11
7f269434b000-7f269435c000 r-xp 00002000 08:05 398902                     /lib/x86_64-linux-gnu/libz.so.1.2.11
7f269435c000-7f2694362000 r--p 00013000 08:05 398902                     /lib/x86_64-linux-gnu/libz.so.1.2.11
7f2694362000-7f2694363000 ---p 00019000 08:05 398902                     /lib/x86_64-linux-gnu/libz.so.1.2.11
7f2694363000-7f2694364000 r--p 00019000 08:05 398902                     /lib/x86_64-linux-gnu/libz.so.1.2.11
7f2694364000-7f2694365000 rw-p 0001a000 08:05 398902                     /lib/x86_64-linux-gnu/libz.so.1.2.11
7f2694365000-7f2694367000 rw-p 00000000 00:00 0 
7f269436c000-7f269436e000 r--p 00000000 08:05 393443                     /lib/x86_64-linux-gnu/libnss_compat-2.31.so
7f269436e000-7f2694375000 r-xp 00002000 08:05 393443                     /lib/x86_64-linux-gnu/libnss_compat-2.31.so
7f2694375000-7f2694376000 r--p 00009000 08:05 393443                     /lib/x86_64-linux-gnu/libnss_compat-2.31.so
7f2694376000-7f2694377000 r--p 00009000 08:05 393443                     /lib/x86_64-linux-gnu/libnss_compat-2.31.so
7f2694377000-7f2694378000 rw-p 0000a000 08:05 393443                     /lib/x86_64-linux-gnu/libnss_compat-2.31.so
7f2694378000-7f2694379000 ---p 00000000 00:00 0 
7f2694379000-7f269437a000 r--p 00000000 00:00 0 
7f269437a000-7f269437b000 r--p 00000000 08:05 393239                     /lib/x86_64-linux-gnu/ld-2.31.so
7f269437b000-7f269439e000 r-xp 00001000 08:05 393239                     /lib/x86_64-linux-gnu/ld-2.31.so
7f269439e000-7f26943a6000 r--p 00024000 08:05 393239                     /lib/x86_64-linux-gnu/ld-2.31.so
7f26943a7000-7f26943a8000 r--p 0002c000 08:05 393239                     /lib/x86_64-linux-gnu/ld-2.31.so
7f26943a8000-7f26943a9000 rw-p 0002d000 08:05 393239                     /lib/x86_64-linux-gnu/ld-2.31.so
7f26943a9000-7f26943aa000 rw-p 00000000 00:00 0 
7ffd51abc000-7ffd51add000 rw-p 00000000 00:00 0                          [stack]
7ffd51b62000-7ffd51b65000 r--p 00000000 00:00 0                          [vvar]
7ffd51b65000-7ffd51b66000 r-xp 00000000 00:00 0                          [vdso]
ffffffffff600000-ffffffffff601000 --xp 00000000 00:00 0                  [vsyscall]


VM Arguments:
jvm_args: -javaagent:/home/viviane/Downloads/idea-IC-203.5981.155/lib/idea_rt.jar=34069:/home/viviane/Downloads/idea-IC-203.5981.155/bin -Dfile.encoding=UTF-8 
java_command: udemy.course.exercise8.OrderProgram
java_class_path (initial): /home/viviane/Documentos/udemyCourse/target/classes:/root/.m2/repository/org/jetbrains/annotations/20.1.0/annotations-20.1.0.jar
Launcher Type: SUN_STANDARD

[Global flags]
     intx CICompilerCount                          = 3                                         {product} {ergonomic}
     uint ConcGCThreads                            = 1                                         {product} {ergonomic}
     uint G1ConcRefinementThreads                  = 4                                         {product} {ergonomic}
   size_t G1HeapRegionSize                         = 1048576                                   {product} {ergonomic}
    uintx GCDrainStackTargetSize                   = 64                                        {product} {ergonomic}
   size_t InitialHeapSize                          = 127926272                                 {product} {ergonomic}
   size_t MarkStackSize                            = 4194304                                   {product} {ergonomic}
   size_t MaxHeapSize                              = 2036334592                                {product} {ergonomic}
   size_t MaxNewSize                               = 1221591040                                {product} {ergonomic}
   size_t MinHeapDeltaBytes                        = 1048576                                   {product} {ergonomic}
    uintx NonNMethodCodeHeapSize                   = 5830732                                {pd product} {ergonomic}
    uintx NonProfiledCodeHeapSize                  = 122913754                              {pd product} {ergonomic}
    uintx ProfiledCodeHeapSize                     = 122913754                              {pd product} {ergonomic}
    uintx ReservedCodeCacheSize                    = 251658240                              {pd product} {ergonomic}
     bool SegmentedCodeCache                       = true                                      {product} {ergonomic}
     bool UseCompressedClassPointers               = true                                 {lp64_product} {ergonomic}
     bool UseCompressedOops                        = true                                 {lp64_product} {ergonomic}
     bool UseG1GC                                  = true                                      {product} {ergonomic}

Logging:
Log output configuration:
 #0: stdout all=warning uptime,level,tags
 #1: stderr all=off uptime,level,tags

Environment Variables:
PATH=/usr/local/sbin:/usr/local/bin:/usr/sbin:/usr/bin:/sbin:/bin:/usr/games:/usr/local/games:/snap/bin
SHELL=/bin/bash
DISPLAY=:0
LANG=pt_BR.UTF-8

Signal Handlers:
SIGSEGV: [libjvm.so+0xf307d0], sa_mask[0]=11111111011111111101111111111110, sa_flags=SA_RESTART|SA_SIGINFO
SIGBUS: [libjvm.so+0xf307d0], sa_mask[0]=11111111011111111101111111111110, sa_flags=SA_RESTART|SA_SIGINFO
SIGFPE: [libjvm.so+0xf307d0], sa_mask[0]=11111111011111111101111111111110, sa_flags=SA_RESTART|SA_SIGINFO
SIGPIPE: [libjvm.so+0xc52e90], sa_mask[0]=11111111011111111101111111111110, sa_flags=SA_RESTART|SA_SIGINFO
SIGXFSZ: [libjvm.so+0xc52e90], sa_mask[0]=11111111011111111101111111111110, sa_flags=SA_RESTART|SA_SIGINFO
SIGILL: [libjvm.so+0xf307d0], sa_mask[0]=11111111011111111101111111111110, sa_flags=SA_RESTART|SA_SIGINFO
SIGUSR2: [libjvm.so+0xc52d30], sa_mask[0]=00100000000000000000000000000000, sa_flags=SA_RESTART|SA_SIGINFO
SIGHUP: [libjvm.so+0xc53090], sa_mask[0]=11111111011111111101111111111110, sa_flags=SA_RESTART|SA_SIGINFO
SIGINT: [libjvm.so+0xc53090], sa_mask[0]=11111111011111111101111111111110, sa_flags=SA_RESTART|SA_SIGINFO
SIGTERM: [libjvm.so+0xc53090], sa_mask[0]=11111111011111111101111111111110, sa_flags=SA_RESTART|SA_SIGINFO
SIGQUIT: [libjvm.so+0xc53090], sa_mask[0]=11111111011111111101111111111110, sa_flags=SA_RESTART|SA_SIGINFO


---------------  S Y S T E M  ---------------

OS:DISTRIB_ID=Ubuntu
DISTRIB_RELEASE=20.04
DISTRIB_CODENAME=focal
DISTRIB_DESCRIPTION="Ubuntu 20.04.2 LTS"
uname:Linux 5.4.0-65-generic #73-Ubuntu SMP Mon Jan 18 17:25:17 UTC 2021 x86_64
OS uptime: 4 days 20:35 hours
libc:glibc 2.31 NPTL 2.31 
rlimit (soft/hard): STACK 8192k/infinity , CORE 0k/infinity , NPROC 30818/30818 , NOFILE 1048576/1048576 , AS infinity/infinity , CPU infinity/infinity , DATA infinity/infinity , FSIZE infinity/infinity , MEMLOCK 65536k/65536k
load average:0,79 0,88 0,71

/proc/meminfo:
MemTotal:        7946440 kB
MemFree:         1320732 kB
MemAvailable:    3617924 kB
Buffers:          286676 kB
Cached:          2355292 kB
SwapCached:        17184 kB
Active:          4403812 kB
Inactive:        1610052 kB
Active(anon):    3121172 kB
Inactive(anon):   556296 kB
Active(file):    1282640 kB
Inactive(file):  1053756 kB
Unevictable:       92516 kB
Mlocked:              80 kB
SwapTotal:       2097148 kB
SwapFree:        1756300 kB
Dirty:              1056 kB
Writeback:             0 kB
AnonPages:       3450980 kB
Mapped:           505540 kB
Shmem:            316232 kB
KReclaimable:     266072 kB
Slab:             405708 kB
SReclaimable:     266072 kB
SUnreclaim:       139636 kB
KernelStack:       16968 kB
PageTables:        37500 kB
NFS_Unstable:          0 kB
Bounce:                0 kB
WritebackTmp:          0 kB
CommitLimit:     6070368 kB
Committed_AS:   11883908 kB
VmallocTotal:   34359738367 kB
VmallocUsed:       40604 kB
VmallocChunk:          0 kB
Percpu:             6400 kB
HardwareCorrupted:     0 kB
AnonHugePages:         0 kB
ShmemHugePages:        0 kB
ShmemPmdMapped:        0 kB
FileHugePages:         0 kB
FilePmdMapped:         0 kB
CmaTotal:              0 kB
CmaFree:               0 kB
HugePages_Total:       0
HugePages_Free:        0
HugePages_Rsvd:        0
HugePages_Surp:        0
Hugepagesize:       2048 kB
Hugetlb:               0 kB
DirectMap4k:      707832 kB
DirectMap2M:     7475200 kB

/sys/kernel/mm/transparent_hugepage/enabled:
always [madvise] never
/sys/kernel/mm/transparent_hugepage/defrag (defrag/compaction efforts parameter):
always defer defer+madvise [madvise] never

/proc/sys/kernel/threads-max (system-wide limit on the number of threads):
61637
/proc/sys/vm/max_map_count (maximum number of memory map areas a process may have):
65530
/proc/sys/kernel/pid_max (system-wide limit on number of process identifiers):
4194304

container (cgroup) information:
container_type: cgroupv1
cpu_cpuset_cpus: 0-3
cpu_memory_nodes: 0
active_processor_count: 4
cpu_quota: -1
cpu_period: 100000
cpu_shares: -1
memory_limit_in_bytes: -1
memory_and_swap_limit_in_bytes: -2
memory_soft_limit_in_bytes: -1
memory_usage_in_bytes: 5372702720
memory_max_usage_in_bytes: 7553318912

Steal ticks since vm start: 0
Steal ticks percentage since vm start:  0,000

CPU:total 4 (initial active 4) (2 cores per cpu, 2 threads per core) family 6 model 37 stepping 2 microcode 0x11, cmov, cx8, fxsr, mmx, sse, sse2, sse3, ssse3, sse4.1, sse4.2, popcnt, ht, tsc, tscinvbit
CPU Model and flags from /proc/cpuinfo:
model name	: Intel(R) Core(TM) i5 CPU       M 430  @ 2.27GHz
flags		: fpu vme de pse tsc msr pae mce cx8 apic sep mtrr pge mca cmov pat pse36 clflush dts acpi mmx fxsr sse sse2 ht tm pbe syscall nx rdtscp lm constant_tsc arch_perfmon pebs bts rep_good nopl xtopology nonstop_tsc cpuid aperfmperf pni dtes64 monitor ds_cpl vmx est tm2 ssse3 cx16 xtpr pdcm sse4_1 sse4_2 popcnt lahf_lm pti ssbd ibrs ibpb stibp tpr_shadow vnmi flexpriority ept vpid dtherm ida arat flush_l1d
Online cpus:
0-3
Offline cpus:
4-7
BIOS frequency limitation:
2267000
Frequency switch latency (ns):
10000
Available cpu frequencies:
2267000 2266000 2133000 1999000 1866000 1733000 1599000 1466000 1333000 1199000 
Current governor:
ondemand
Core performance/turbo boost:
1

Memory: 4k page, physical 7946440k(1320732k free), swap 2097148k(1756300k free)

vm_info: OpenJDK 64-Bit Server VM (11.0.10+9) for linux-amd64 JRE (11.0.10+9), built on Jan 20 2021 12:11:51 by "" with gcc 7.5.0

END.
